<?xml version="1.0" encoding="UTF-8"?>
<testsuite xmlns:xsi="http://www.w3.org/2001/XMLSchema-instance" xsi:noNamespaceSchemaLocation="https://maven.apache.org/surefire/maven-surefire-plugin/xsd/surefire-test-report-3.0.xsd" version="3.0" name="com.foolish.schoolmanagement.SchoolManagementApplicationTests" time="4.228" tests="1" errors="0" skipped="0" failures="0">
  <properties>
    <property name="java.specification.version" value="17"/>
    <property name="sun.jnu.encoding" value="UTF-8"/>
    <property name="java.class.path" value="/Users/mainga/Desktop/Workspace/Udemy/Spring Framework/SchoolManagement/target/test-classes:/Users/mainga/Desktop/Workspace/Udemy/Spring Framework/SchoolManagement/target/classes:/Users/mainga/.m2/repository/org/springdoc/springdoc-openapi-starter-webmvc-ui/2.6.0/springdoc-openapi-starter-webmvc-ui-2.6.0.jar:/Users/mainga/.m2/repository/org/springdoc/springdoc-openapi-starter-webmvc-api/2.6.0/springdoc-openapi-starter-webmvc-api-2.6.0.jar:/Users/mainga/.m2/repository/org/springdoc/springdoc-openapi-starter-common/2.6.0/springdoc-openapi-starter-common-2.6.0.jar:/Users/mainga/.m2/repository/io/swagger/core/v3/swagger-core-jakarta/2.2.22/swagger-core-jakarta-2.2.22.jar:/Users/mainga/.m2/repository/io/swagger/core/v3/swagger-annotations-jakarta/2.2.22/swagger-annotations-jakarta-2.2.22.jar:/Users/mainga/.m2/repository/io/swagger/core/v3/swagger-models-jakarta/2.2.22/swagger-models-jakarta-2.2.22.jar:/Users/mainga/.m2/repository/com/fasterxml/jackson/dataformat/jackson-dataformat-yaml/2.15.4/jackson-dataformat-yaml-2.15.4.jar:/Users/mainga/.m2/repository/org/webjars/swagger-ui/5.17.14/swagger-ui-5.17.14.jar:/Users/mainga/.m2/repository/org/springframework/boot/spring-boot-starter-web/3.2.5/spring-boot-starter-web-3.2.5.jar:/Users/mainga/.m2/repository/org/springframework/boot/spring-boot-starter/3.2.5/spring-boot-starter-3.2.5.jar:/Users/mainga/.m2/repository/org/springframework/boot/spring-boot-starter-logging/3.2.5/spring-boot-starter-logging-3.2.5.jar:/Users/mainga/.m2/repository/ch/qos/logback/logback-classic/1.4.14/logback-classic-1.4.14.jar:/Users/mainga/.m2/repository/ch/qos/logback/logback-core/1.4.14/logback-core-1.4.14.jar:/Users/mainga/.m2/repository/org/apache/logging/log4j/log4j-to-slf4j/2.21.1/log4j-to-slf4j-2.21.1.jar:/Users/mainga/.m2/repository/org/apache/logging/log4j/log4j-api/2.21.1/log4j-api-2.21.1.jar:/Users/mainga/.m2/repository/org/slf4j/jul-to-slf4j/2.0.13/jul-to-slf4j-2.0.13.jar:/Users/mainga/.m2/repository/jakarta/annotation/jakarta.annotation-api/2.1.1/jakarta.annotation-api-2.1.1.jar:/Users/mainga/.m2/repository/org/yaml/snakeyaml/2.2/snakeyaml-2.2.jar:/Users/mainga/.m2/repository/org/springframework/boot/spring-boot-starter-json/3.2.5/spring-boot-starter-json-3.2.5.jar:/Users/mainga/.m2/repository/com/fasterxml/jackson/datatype/jackson-datatype-jdk8/2.15.4/jackson-datatype-jdk8-2.15.4.jar:/Users/mainga/.m2/repository/com/fasterxml/jackson/datatype/jackson-datatype-jsr310/2.15.4/jackson-datatype-jsr310-2.15.4.jar:/Users/mainga/.m2/repository/com/fasterxml/jackson/module/jackson-module-parameter-names/2.15.4/jackson-module-parameter-names-2.15.4.jar:/Users/mainga/.m2/repository/org/springframework/boot/spring-boot-starter-tomcat/3.2.5/spring-boot-starter-tomcat-3.2.5.jar:/Users/mainga/.m2/repository/org/apache/tomcat/embed/tomcat-embed-websocket/10.1.20/tomcat-embed-websocket-10.1.20.jar:/Users/mainga/.m2/repository/org/springframework/spring-web/6.1.6/spring-web-6.1.6.jar:/Users/mainga/.m2/repository/io/micrometer/micrometer-observation/1.12.5/micrometer-observation-1.12.5.jar:/Users/mainga/.m2/repository/io/micrometer/micrometer-commons/1.12.5/micrometer-commons-1.12.5.jar:/Users/mainga/.m2/repository/org/springframework/spring-webmvc/6.1.6/spring-webmvc-6.1.6.jar:/Users/mainga/.m2/repository/org/springframework/boot/spring-boot-starter-thymeleaf/3.2.5/spring-boot-starter-thymeleaf-3.2.5.jar:/Users/mainga/.m2/repository/org/thymeleaf/thymeleaf-spring6/3.1.2.RELEASE/thymeleaf-spring6-3.1.2.RELEASE.jar:/Users/mainga/.m2/repository/org/thymeleaf/thymeleaf/3.1.2.RELEASE/thymeleaf-3.1.2.RELEASE.jar:/Users/mainga/.m2/repository/org/attoparser/attoparser/2.0.7.RELEASE/attoparser-2.0.7.RELEASE.jar:/Users/mainga/.m2/repository/org/unbescape/unbescape/1.1.6.RELEASE/unbescape-1.1.6.RELEASE.jar:/Users/mainga/.m2/repository/org/thymeleaf/extras/thymeleaf-extras-springsecurity6/3.1.0.RELEASE/thymeleaf-extras-springsecurity6-3.1.0.RELEASE.jar:/Users/mainga/.m2/repository/org/slf4j/slf4j-api/2.0.13/slf4j-api-2.0.13.jar:/Users/mainga/.m2/repository/org/apache/tomcat/embed/tomcat-embed-jasper/10.1.23/tomcat-embed-jasper-10.1.23.jar:/Users/mainga/.m2/repository/org/apache/tomcat/embed/tomcat-embed-core/10.1.20/tomcat-embed-core-10.1.20.jar:/Users/mainga/.m2/repository/org/apache/tomcat/tomcat-annotations-api/10.1.20/tomcat-annotations-api-10.1.20.jar:/Users/mainga/.m2/repository/org/apache/tomcat/embed/tomcat-embed-el/10.1.20/tomcat-embed-el-10.1.20.jar:/Users/mainga/.m2/repository/org/eclipse/jdt/ecj/3.33.0/ecj-3.33.0.jar:/Users/mainga/.m2/repository/org/springframework/boot/spring-boot-starter-data-jpa/3.2.0/spring-boot-starter-data-jpa-3.2.0.jar:/Users/mainga/.m2/repository/org/hibernate/orm/hibernate-core/6.4.4.Final/hibernate-core-6.4.4.Final.jar:/Users/mainga/.m2/repository/jakarta/persistence/jakarta.persistence-api/3.1.0/jakarta.persistence-api-3.1.0.jar:/Users/mainga/.m2/repository/jakarta/transaction/jakarta.transaction-api/2.0.1/jakarta.transaction-api-2.0.1.jar:/Users/mainga/.m2/repository/org/jboss/logging/jboss-logging/3.5.3.Final/jboss-logging-3.5.3.Final.jar:/Users/mainga/.m2/repository/org/hibernate/common/hibernate-commons-annotations/6.0.6.Final/hibernate-commons-annotations-6.0.6.Final.jar:/Users/mainga/.m2/repository/io/smallrye/jandex/3.1.2/jandex-3.1.2.jar:/Users/mainga/.m2/repository/com/fasterxml/classmate/1.6.0/classmate-1.6.0.jar:/Users/mainga/.m2/repository/net/bytebuddy/byte-buddy/1.14.13/byte-buddy-1.14.13.jar:/Users/mainga/.m2/repository/org/glassfish/jaxb/jaxb-runtime/4.0.5/jaxb-runtime-4.0.5.jar:/Users/mainga/.m2/repository/org/glassfish/jaxb/jaxb-core/4.0.5/jaxb-core-4.0.5.jar:/Users/mainga/.m2/repository/org/eclipse/angus/angus-activation/2.0.2/angus-activation-2.0.2.jar:/Users/mainga/.m2/repository/org/glassfish/jaxb/txw2/4.0.5/txw2-4.0.5.jar:/Users/mainga/.m2/repository/com/sun/istack/istack-commons-runtime/4.1.2/istack-commons-runtime-4.1.2.jar:/Users/mainga/.m2/repository/jakarta/inject/jakarta.inject-api/2.0.1/jakarta.inject-api-2.0.1.jar:/Users/mainga/.m2/repository/org/antlr/antlr4-runtime/4.13.0/antlr4-runtime-4.13.0.jar:/Users/mainga/.m2/repository/org/springframework/data/spring-data-jpa/3.2.5/spring-data-jpa-3.2.5.jar:/Users/mainga/.m2/repository/org/springframework/data/spring-data-commons/3.2.5/spring-data-commons-3.2.5.jar:/Users/mainga/.m2/repository/org/springframework/spring-orm/6.1.6/spring-orm-6.1.6.jar:/Users/mainga/.m2/repository/org/springframework/spring-tx/6.1.6/spring-tx-6.1.6.jar:/Users/mainga/.m2/repository/org/springframework/spring-aspects/6.1.6/spring-aspects-6.1.6.jar:/Users/mainga/.m2/repository/org/projectlombok/lombok/1.18.24/lombok-1.18.24.jar:/Users/mainga/.m2/repository/org/springframework/boot/spring-boot-starter-aop/3.2.0/spring-boot-starter-aop-3.2.0.jar:/Users/mainga/.m2/repository/org/springframework/spring-aop/6.1.6/spring-aop-6.1.6.jar:/Users/mainga/.m2/repository/org/aspectj/aspectjweaver/1.9.22/aspectjweaver-1.9.22.jar:/Users/mainga/.m2/repository/jakarta/servlet/jsp/jstl/jakarta.servlet.jsp.jstl-api/3.0.0/jakarta.servlet.jsp.jstl-api-3.0.0.jar:/Users/mainga/.m2/repository/jakarta/servlet/jakarta.servlet-api/6.0.0/jakarta.servlet-api-6.0.0.jar:/Users/mainga/.m2/repository/jakarta/el/jakarta.el-api/5.0.0/jakarta.el-api-5.0.0.jar:/Users/mainga/.m2/repository/org/springframework/boot/spring-boot-starter-jdbc/3.2.5/spring-boot-starter-jdbc-3.2.5.jar:/Users/mainga/.m2/repository/com/zaxxer/HikariCP/5.0.1/HikariCP-5.0.1.jar:/Users/mainga/.m2/repository/org/springframework/spring-jdbc/6.1.6/spring-jdbc-6.1.6.jar:/Users/mainga/.m2/repository/org/springframework/boot/spring-boot-starter-validation/3.2.1/spring-boot-starter-validation-3.2.1.jar:/Users/mainga/.m2/repository/org/hibernate/validator/hibernate-validator/8.0.1.Final/hibernate-validator-8.0.1.Final.jar:/Users/mainga/.m2/repository/jakarta/validation/jakarta.validation-api/3.0.2/jakarta.validation-api-3.0.2.jar:/Users/mainga/.m2/repository/org/springframework/boot/spring-boot-devtools/3.2.5/spring-boot-devtools-3.2.5.jar:/Users/mainga/.m2/repository/org/springframework/boot/spring-boot/3.2.5/spring-boot-3.2.5.jar:/Users/mainga/.m2/repository/org/springframework/boot/spring-boot-autoconfigure/3.2.5/spring-boot-autoconfigure-3.2.5.jar:/Users/mainga/.m2/repository/org/springframework/boot/spring-boot-starter-security/3.2.4/spring-boot-starter-security-3.2.4.jar:/Users/mainga/.m2/repository/org/springframework/security/spring-security-config/6.2.4/spring-security-config-6.2.4.jar:/Users/mainga/.m2/repository/org/springframework/security/spring-security-web/6.2.4/spring-security-web-6.2.4.jar:/Users/mainga/.m2/repository/org/springframework/security/spring-security-taglibs/6.2.4/spring-security-taglibs-6.2.4.jar:/Users/mainga/.m2/repository/org/springframework/security/spring-security-acl/6.2.4/spring-security-acl-6.2.4.jar:/Users/mainga/.m2/repository/org/springframework/security/spring-security-core/6.2.4/spring-security-core-6.2.4.jar:/Users/mainga/.m2/repository/org/springframework/security/spring-security-crypto/6.2.4/spring-security-crypto-6.2.4.jar:/Users/mainga/.m2/repository/org/springframework/spring-beans/6.1.6/spring-beans-6.1.6.jar:/Users/mainga/.m2/repository/org/springframework/spring-context/6.1.6/spring-context-6.1.6.jar:/Users/mainga/.m2/repository/org/springframework/spring-core/6.1.6/spring-core-6.1.6.jar:/Users/mainga/.m2/repository/org/springframework/spring-jcl/6.1.6/spring-jcl-6.1.6.jar:/Users/mainga/.m2/repository/org/springframework/spring-expression/6.1.6/spring-expression-6.1.6.jar:/Users/mainga/.m2/repository/com/mysql/mysql-connector-j/8.3.0/mysql-connector-j-8.3.0.jar:/Users/mainga/.m2/repository/org/springframework/boot/spring-boot-starter-test/3.2.5/spring-boot-starter-test-3.2.5.jar:/Users/mainga/.m2/repository/org/springframework/boot/spring-boot-test/3.2.5/spring-boot-test-3.2.5.jar:/Users/mainga/.m2/repository/org/springframework/boot/spring-boot-test-autoconfigure/3.2.5/spring-boot-test-autoconfigure-3.2.5.jar:/Users/mainga/.m2/repository/com/jayway/jsonpath/json-path/2.9.0/json-path-2.9.0.jar:/Users/mainga/.m2/repository/jakarta/xml/bind/jakarta.xml.bind-api/4.0.2/jakarta.xml.bind-api-4.0.2.jar:/Users/mainga/.m2/repository/jakarta/activation/jakarta.activation-api/2.1.3/jakarta.activation-api-2.1.3.jar:/Users/mainga/.m2/repository/net/minidev/json-smart/2.5.1/json-smart-2.5.1.jar:/Users/mainga/.m2/repository/net/minidev/accessors-smart/2.5.1/accessors-smart-2.5.1.jar:/Users/mainga/.m2/repository/org/ow2/asm/asm/9.6/asm-9.6.jar:/Users/mainga/.m2/repository/org/assertj/assertj-core/3.24.2/assertj-core-3.24.2.jar:/Users/mainga/.m2/repository/org/awaitility/awaitility/4.2.1/awaitility-4.2.1.jar:/Users/mainga/.m2/repository/org/hamcrest/hamcrest/2.2/hamcrest-2.2.jar:/Users/mainga/.m2/repository/org/junit/jupiter/junit-jupiter/5.10.2/junit-jupiter-5.10.2.jar:/Users/mainga/.m2/repository/org/junit/jupiter/junit-jupiter-api/5.10.2/junit-jupiter-api-5.10.2.jar:/Users/mainga/.m2/repository/org/opentest4j/opentest4j/1.3.0/opentest4j-1.3.0.jar:/Users/mainga/.m2/repository/org/junit/platform/junit-platform-commons/1.10.2/junit-platform-commons-1.10.2.jar:/Users/mainga/.m2/repository/org/apiguardian/apiguardian-api/1.1.2/apiguardian-api-1.1.2.jar:/Users/mainga/.m2/repository/org/junit/jupiter/junit-jupiter-params/5.10.2/junit-jupiter-params-5.10.2.jar:/Users/mainga/.m2/repository/org/junit/jupiter/junit-jupiter-engine/5.10.2/junit-jupiter-engine-5.10.2.jar:/Users/mainga/.m2/repository/org/junit/platform/junit-platform-engine/1.10.2/junit-platform-engine-1.10.2.jar:/Users/mainga/.m2/repository/org/mockito/mockito-core/5.7.0/mockito-core-5.7.0.jar:/Users/mainga/.m2/repository/net/bytebuddy/byte-buddy-agent/1.14.13/byte-buddy-agent-1.14.13.jar:/Users/mainga/.m2/repository/org/objenesis/objenesis/3.3/objenesis-3.3.jar:/Users/mainga/.m2/repository/org/mockito/mockito-junit-jupiter/5.7.0/mockito-junit-jupiter-5.7.0.jar:/Users/mainga/.m2/repository/org/skyscreamer/jsonassert/1.5.1/jsonassert-1.5.1.jar:/Users/mainga/.m2/repository/com/vaadin/external/google/android-json/0.0.20131108.vaadin1/android-json-0.0.20131108.vaadin1.jar:/Users/mainga/.m2/repository/org/springframework/spring-test/6.1.6/spring-test-6.1.6.jar:/Users/mainga/.m2/repository/org/xmlunit/xmlunit-core/2.9.1/xmlunit-core-2.9.1.jar:/Users/mainga/.m2/repository/com/cloudinary/cloudinary-http44/1.36.0/cloudinary-http44-1.36.0.jar:/Users/mainga/.m2/repository/com/cloudinary/cloudinary-core/1.36.0/cloudinary-core-1.36.0.jar:/Users/mainga/.m2/repository/org/apache/commons/commons-lang3/3.13.0/commons-lang3-3.13.0.jar:/Users/mainga/.m2/repository/org/apache/httpcomponents/httpclient/4.4/httpclient-4.4.jar:/Users/mainga/.m2/repository/org/apache/httpcomponents/httpcore/4.4.16/httpcore-4.4.16.jar:/Users/mainga/.m2/repository/commons-logging/commons-logging/1.2/commons-logging-1.2.jar:/Users/mainga/.m2/repository/commons-codec/commons-codec/1.16.1/commons-codec-1.16.1.jar:/Users/mainga/.m2/repository/org/apache/httpcomponents/httpmime/4.4/httpmime-4.4.jar:/Users/mainga/.m2/repository/com/cloudinary/cloudinary-taglib/1.36.0/cloudinary-taglib-1.36.0.jar:/Users/mainga/.m2/repository/javax/servlet/jsp-api/2.0/jsp-api-2.0.jar:/Users/mainga/.m2/repository/javax/servlet/servlet-api/2.4/servlet-api-2.4.jar:/Users/mainga/.m2/repository/com/azure/spring/spring-cloud-azure-starter-keyvault/5.14.0/spring-cloud-azure-starter-keyvault-5.14.0.jar:/Users/mainga/.m2/repository/com/azure/spring/spring-cloud-azure-starter-keyvault-secrets/5.14.0/spring-cloud-azure-starter-keyvault-secrets-5.14.0.jar:/Users/mainga/.m2/repository/com/azure/spring/spring-cloud-azure-starter/5.14.0/spring-cloud-azure-starter-5.14.0.jar:/Users/mainga/.m2/repository/com/azure/spring/spring-cloud-azure-autoconfigure/5.14.0/spring-cloud-azure-autoconfigure-5.14.0.jar:/Users/mainga/.m2/repository/com/azure/spring/spring-cloud-azure-service/5.14.0/spring-cloud-azure-service-5.14.0.jar:/Users/mainga/.m2/repository/com/azure/spring/spring-cloud-azure-core/5.14.0/spring-cloud-azure-core-5.14.0.jar:/Users/mainga/.m2/repository/com/azure/azure-identity/1.13.0/azure-identity-1.13.0.jar:/Users/mainga/.m2/repository/com/microsoft/azure/msal4j/1.15.1/msal4j-1.15.1.jar:/Users/mainga/.m2/repository/com/microsoft/azure/msal4j-persistence-extension/1.3.0/msal4j-persistence-extension-1.3.0.jar:/Users/mainga/.m2/repository/net/java/dev/jna/jna/5.13.0/jna-5.13.0.jar:/Users/mainga/.m2/repository/net/java/dev/jna/jna-platform/5.6.0/jna-platform-5.6.0.jar:/Users/mainga/.m2/repository/com/azure/azure-core-amqp/2.9.6/azure-core-amqp-2.9.6.jar:/Users/mainga/.m2/repository/com/microsoft/azure/qpid-proton-j-extensions/1.2.5/qpid-proton-j-extensions-1.2.5.jar:/Users/mainga/.m2/repository/org/apache/qpid/proton-j/0.34.1/proton-j-0.34.1.jar:/Users/mainga/.m2/repository/com/azure/azure-core-management/1.15.0/azure-core-management-1.15.0.jar:/Users/mainga/.m2/repository/com/azure/azure-security-keyvault-secrets/4.8.4/azure-security-keyvault-secrets-4.8.4.jar:/Users/mainga/.m2/repository/com/azure/azure-core/1.49.1/azure-core-1.49.1.jar:/Users/mainga/.m2/repository/com/azure/azure-xml/1.0.0/azure-xml-1.0.0.jar:/Users/mainga/.m2/repository/io/projectreactor/reactor-core/3.6.5/reactor-core-3.6.5.jar:/Users/mainga/.m2/repository/org/reactivestreams/reactive-streams/1.0.4/reactive-streams-1.0.4.jar:/Users/mainga/.m2/repository/com/azure/azure-json/1.1.0/azure-json-1.1.0.jar:/Users/mainga/.m2/repository/com/azure/azure-core-http-netty/1.15.1/azure-core-http-netty-1.15.1.jar:/Users/mainga/.m2/repository/io/netty/netty-handler/4.1.109.Final/netty-handler-4.1.109.Final.jar:/Users/mainga/.m2/repository/io/netty/netty-resolver/4.1.109.Final/netty-resolver-4.1.109.Final.jar:/Users/mainga/.m2/repository/io/netty/netty-transport/4.1.109.Final/netty-transport-4.1.109.Final.jar:/Users/mainga/.m2/repository/io/netty/netty-handler-proxy/4.1.109.Final/netty-handler-proxy-4.1.109.Final.jar:/Users/mainga/.m2/repository/io/netty/netty-codec-socks/4.1.109.Final/netty-codec-socks-4.1.109.Final.jar:/Users/mainga/.m2/repository/io/netty/netty-buffer/4.1.109.Final/netty-buffer-4.1.109.Final.jar:/Users/mainga/.m2/repository/io/netty/netty-codec/4.1.109.Final/netty-codec-4.1.109.Final.jar:/Users/mainga/.m2/repository/io/netty/netty-codec-http/4.1.109.Final/netty-codec-http-4.1.109.Final.jar:/Users/mainga/.m2/repository/io/netty/netty-codec-http2/4.1.109.Final/netty-codec-http2-4.1.109.Final.jar:/Users/mainga/.m2/repository/io/netty/netty-transport-native-unix-common/4.1.109.Final/netty-transport-native-unix-common-4.1.109.Final.jar:/Users/mainga/.m2/repository/io/netty/netty-transport-native-epoll/4.1.109.Final/netty-transport-native-epoll-4.1.109.Final-linux-x86_64.jar:/Users/mainga/.m2/repository/io/netty/netty-transport-classes-epoll/4.1.109.Final/netty-transport-classes-epoll-4.1.109.Final.jar:/Users/mainga/.m2/repository/io/netty/netty-transport-native-kqueue/4.1.109.Final/netty-transport-native-kqueue-4.1.109.Final-osx-x86_64.jar:/Users/mainga/.m2/repository/io/netty/netty-transport-classes-kqueue/4.1.109.Final/netty-transport-classes-kqueue-4.1.109.Final.jar:/Users/mainga/.m2/repository/io/netty/netty-tcnative-boringssl-static/2.0.65.Final/netty-tcnative-boringssl-static-2.0.65.Final.jar:/Users/mainga/.m2/repository/io/netty/netty-tcnative-classes/2.0.65.Final/netty-tcnative-classes-2.0.65.Final.jar:/Users/mainga/.m2/repository/io/netty/netty-tcnative-boringssl-static/2.0.65.Final/netty-tcnative-boringssl-static-2.0.65.Final-linux-x86_64.jar:/Users/mainga/.m2/repository/io/netty/netty-tcnative-boringssl-static/2.0.65.Final/netty-tcnative-boringssl-static-2.0.65.Final-linux-aarch_64.jar:/Users/mainga/.m2/repository/io/netty/netty-tcnative-boringssl-static/2.0.65.Final/netty-tcnative-boringssl-static-2.0.65.Final-osx-x86_64.jar:/Users/mainga/.m2/repository/io/netty/netty-tcnative-boringssl-static/2.0.65.Final/netty-tcnative-boringssl-static-2.0.65.Final-osx-aarch_64.jar:/Users/mainga/.m2/repository/io/netty/netty-tcnative-boringssl-static/2.0.65.Final/netty-tcnative-boringssl-static-2.0.65.Final-windows-x86_64.jar:/Users/mainga/.m2/repository/io/projectreactor/netty/reactor-netty-http/1.1.18/reactor-netty-http-1.1.18.jar:/Users/mainga/.m2/repository/io/netty/netty-resolver-dns/4.1.109.Final/netty-resolver-dns-4.1.109.Final.jar:/Users/mainga/.m2/repository/io/netty/netty-codec-dns/4.1.109.Final/netty-codec-dns-4.1.109.Final.jar:/Users/mainga/.m2/repository/io/netty/netty-resolver-dns-native-macos/4.1.109.Final/netty-resolver-dns-native-macos-4.1.109.Final-osx-x86_64.jar:/Users/mainga/.m2/repository/io/netty/netty-resolver-dns-classes-macos/4.1.109.Final/netty-resolver-dns-classes-macos-4.1.109.Final.jar:/Users/mainga/.m2/repository/io/projectreactor/netty/reactor-netty-core/1.1.18/reactor-netty-core-1.1.18.jar:/Users/mainga/.m2/repository/io/netty/netty-common/4.1.109.Final/netty-common-4.1.109.Final.jar:/Users/mainga/.m2/repository/com/azure/spring/spring-cloud-azure-starter-keyvault-certificates/5.14.0/spring-cloud-azure-starter-keyvault-certificates-5.14.0.jar:/Users/mainga/.m2/repository/com/azure/azure-security-keyvault-certificates/4.6.4/azure-security-keyvault-certificates-4.6.4.jar:/Users/mainga/.m2/repository/org/springframework/boot/spring-boot-starter-oauth2-client/3.2.5/spring-boot-starter-oauth2-client-3.2.5.jar:/Users/mainga/.m2/repository/org/springframework/security/spring-security-oauth2-client/6.2.4/spring-security-oauth2-client-6.2.4.jar:/Users/mainga/.m2/repository/org/springframework/security/spring-security-oauth2-core/6.2.4/spring-security-oauth2-core-6.2.4.jar:/Users/mainga/.m2/repository/com/nimbusds/oauth2-oidc-sdk/9.43.3/oauth2-oidc-sdk-9.43.3.jar:/Users/mainga/.m2/repository/com/github/stephenc/jcip/jcip-annotations/1.0-1/jcip-annotations-1.0-1.jar:/Users/mainga/.m2/repository/com/nimbusds/content-type/2.2/content-type-2.2.jar:/Users/mainga/.m2/repository/com/nimbusds/lang-tag/1.7/lang-tag-1.7.jar:/Users/mainga/.m2/repository/org/springframework/security/spring-security-oauth2-jose/6.2.4/spring-security-oauth2-jose-6.2.4.jar:/Users/mainga/.m2/repository/com/nimbusds/nimbus-jose-jwt/9.24.4/nimbus-jose-jwt-9.24.4.jar:/Users/mainga/.m2/repository/org/mapstruct/mapstruct/1.5.5.Final/mapstruct-1.5.5.Final.jar:/Users/mainga/.m2/repository/org/mapstruct/mapstruct-processor/1.5.5.Final/mapstruct-processor-1.5.5.Final.jar:/Users/mainga/.m2/repository/org/springframework/boot/spring-boot-starter-websocket/3.2.5/spring-boot-starter-websocket-3.2.5.jar:/Users/mainga/.m2/repository/org/springframework/spring-messaging/6.1.6/spring-messaging-6.1.6.jar:/Users/mainga/.m2/repository/org/springframework/spring-websocket/6.1.6/spring-websocket-6.1.6.jar:/Users/mainga/.m2/repository/com/fasterxml/jackson/core/jackson-databind/2.16.1/jackson-databind-2.16.1.jar:/Users/mainga/.m2/repository/com/fasterxml/jackson/core/jackson-annotations/2.15.4/jackson-annotations-2.15.4.jar:/Users/mainga/.m2/repository/com/fasterxml/jackson/core/jackson-core/2.16.1/jackson-core-2.16.1.jar:"/>
    <property name="java.vm.vendor" value="Oracle Corporation"/>
    <property name="sun.arch.data.model" value="64"/>
    <property name="java.vendor.url" value="https://java.oracle.com/"/>
    <property name="user.timezone" value="Asia/Ho_Chi_Minh"/>
    <property name="org.jboss.logging.provider" value="slf4j"/>
    <property name="os.name" value="Mac OS X"/>
    <property name="java.vm.specification.version" value="17"/>
    <property name="sun.java.launcher" value="SUN_STANDARD"/>
    <property name="user.country" value="VN"/>
    <property name="sun.boot.library.path" value="/Library/Java/JavaVirtualMachines/jdk-17.jdk/Contents/Home/lib"/>
    <property name="sun.java.command" value="/Users/mainga/Desktop/Workspace/Udemy/Spring Framework/SchoolManagement/target/surefire/surefirebooter-20241211120510189_3.jar /Users/mainga/Desktop/Workspace/Udemy/Spring Framework/SchoolManagement/target/surefire 2024-12-11T12-05-10_026-jvmRun1 surefire-20241211120510189_1tmp surefire_0-20241211120510189_2tmp"/>
    <property name="http.nonProxyHosts" value="local|*.local|169.254/16|*.169.254/16"/>
    <property name="jdk.debug" value="release"/>
    <property name="surefire.test.class.path" value="/Users/mainga/Desktop/Workspace/Udemy/Spring Framework/SchoolManagement/target/test-classes:/Users/mainga/Desktop/Workspace/Udemy/Spring Framework/SchoolManagement/target/classes:/Users/mainga/.m2/repository/org/springdoc/springdoc-openapi-starter-webmvc-ui/2.6.0/springdoc-openapi-starter-webmvc-ui-2.6.0.jar:/Users/mainga/.m2/repository/org/springdoc/springdoc-openapi-starter-webmvc-api/2.6.0/springdoc-openapi-starter-webmvc-api-2.6.0.jar:/Users/mainga/.m2/repository/org/springdoc/springdoc-openapi-starter-common/2.6.0/springdoc-openapi-starter-common-2.6.0.jar:/Users/mainga/.m2/repository/io/swagger/core/v3/swagger-core-jakarta/2.2.22/swagger-core-jakarta-2.2.22.jar:/Users/mainga/.m2/repository/io/swagger/core/v3/swagger-annotations-jakarta/2.2.22/swagger-annotations-jakarta-2.2.22.jar:/Users/mainga/.m2/repository/io/swagger/core/v3/swagger-models-jakarta/2.2.22/swagger-models-jakarta-2.2.22.jar:/Users/mainga/.m2/repository/com/fasterxml/jackson/dataformat/jackson-dataformat-yaml/2.15.4/jackson-dataformat-yaml-2.15.4.jar:/Users/mainga/.m2/repository/org/webjars/swagger-ui/5.17.14/swagger-ui-5.17.14.jar:/Users/mainga/.m2/repository/org/springframework/boot/spring-boot-starter-web/3.2.5/spring-boot-starter-web-3.2.5.jar:/Users/mainga/.m2/repository/org/springframework/boot/spring-boot-starter/3.2.5/spring-boot-starter-3.2.5.jar:/Users/mainga/.m2/repository/org/springframework/boot/spring-boot-starter-logging/3.2.5/spring-boot-starter-logging-3.2.5.jar:/Users/mainga/.m2/repository/ch/qos/logback/logback-classic/1.4.14/logback-classic-1.4.14.jar:/Users/mainga/.m2/repository/ch/qos/logback/logback-core/1.4.14/logback-core-1.4.14.jar:/Users/mainga/.m2/repository/org/apache/logging/log4j/log4j-to-slf4j/2.21.1/log4j-to-slf4j-2.21.1.jar:/Users/mainga/.m2/repository/org/apache/logging/log4j/log4j-api/2.21.1/log4j-api-2.21.1.jar:/Users/mainga/.m2/repository/org/slf4j/jul-to-slf4j/2.0.13/jul-to-slf4j-2.0.13.jar:/Users/mainga/.m2/repository/jakarta/annotation/jakarta.annotation-api/2.1.1/jakarta.annotation-api-2.1.1.jar:/Users/mainga/.m2/repository/org/yaml/snakeyaml/2.2/snakeyaml-2.2.jar:/Users/mainga/.m2/repository/org/springframework/boot/spring-boot-starter-json/3.2.5/spring-boot-starter-json-3.2.5.jar:/Users/mainga/.m2/repository/com/fasterxml/jackson/datatype/jackson-datatype-jdk8/2.15.4/jackson-datatype-jdk8-2.15.4.jar:/Users/mainga/.m2/repository/com/fasterxml/jackson/datatype/jackson-datatype-jsr310/2.15.4/jackson-datatype-jsr310-2.15.4.jar:/Users/mainga/.m2/repository/com/fasterxml/jackson/module/jackson-module-parameter-names/2.15.4/jackson-module-parameter-names-2.15.4.jar:/Users/mainga/.m2/repository/org/springframework/boot/spring-boot-starter-tomcat/3.2.5/spring-boot-starter-tomcat-3.2.5.jar:/Users/mainga/.m2/repository/org/apache/tomcat/embed/tomcat-embed-websocket/10.1.20/tomcat-embed-websocket-10.1.20.jar:/Users/mainga/.m2/repository/org/springframework/spring-web/6.1.6/spring-web-6.1.6.jar:/Users/mainga/.m2/repository/io/micrometer/micrometer-observation/1.12.5/micrometer-observation-1.12.5.jar:/Users/mainga/.m2/repository/io/micrometer/micrometer-commons/1.12.5/micrometer-commons-1.12.5.jar:/Users/mainga/.m2/repository/org/springframework/spring-webmvc/6.1.6/spring-webmvc-6.1.6.jar:/Users/mainga/.m2/repository/org/springframework/boot/spring-boot-starter-thymeleaf/3.2.5/spring-boot-starter-thymeleaf-3.2.5.jar:/Users/mainga/.m2/repository/org/thymeleaf/thymeleaf-spring6/3.1.2.RELEASE/thymeleaf-spring6-3.1.2.RELEASE.jar:/Users/mainga/.m2/repository/org/thymeleaf/thymeleaf/3.1.2.RELEASE/thymeleaf-3.1.2.RELEASE.jar:/Users/mainga/.m2/repository/org/attoparser/attoparser/2.0.7.RELEASE/attoparser-2.0.7.RELEASE.jar:/Users/mainga/.m2/repository/org/unbescape/unbescape/1.1.6.RELEASE/unbescape-1.1.6.RELEASE.jar:/Users/mainga/.m2/repository/org/thymeleaf/extras/thymeleaf-extras-springsecurity6/3.1.0.RELEASE/thymeleaf-extras-springsecurity6-3.1.0.RELEASE.jar:/Users/mainga/.m2/repository/org/slf4j/slf4j-api/2.0.13/slf4j-api-2.0.13.jar:/Users/mainga/.m2/repository/org/apache/tomcat/embed/tomcat-embed-jasper/10.1.23/tomcat-embed-jasper-10.1.23.jar:/Users/mainga/.m2/repository/org/apache/tomcat/embed/tomcat-embed-core/10.1.20/tomcat-embed-core-10.1.20.jar:/Users/mainga/.m2/repository/org/apache/tomcat/tomcat-annotations-api/10.1.20/tomcat-annotations-api-10.1.20.jar:/Users/mainga/.m2/repository/org/apache/tomcat/embed/tomcat-embed-el/10.1.20/tomcat-embed-el-10.1.20.jar:/Users/mainga/.m2/repository/org/eclipse/jdt/ecj/3.33.0/ecj-3.33.0.jar:/Users/mainga/.m2/repository/org/springframework/boot/spring-boot-starter-data-jpa/3.2.0/spring-boot-starter-data-jpa-3.2.0.jar:/Users/mainga/.m2/repository/org/hibernate/orm/hibernate-core/6.4.4.Final/hibernate-core-6.4.4.Final.jar:/Users/mainga/.m2/repository/jakarta/persistence/jakarta.persistence-api/3.1.0/jakarta.persistence-api-3.1.0.jar:/Users/mainga/.m2/repository/jakarta/transaction/jakarta.transaction-api/2.0.1/jakarta.transaction-api-2.0.1.jar:/Users/mainga/.m2/repository/org/jboss/logging/jboss-logging/3.5.3.Final/jboss-logging-3.5.3.Final.jar:/Users/mainga/.m2/repository/org/hibernate/common/hibernate-commons-annotations/6.0.6.Final/hibernate-commons-annotations-6.0.6.Final.jar:/Users/mainga/.m2/repository/io/smallrye/jandex/3.1.2/jandex-3.1.2.jar:/Users/mainga/.m2/repository/com/fasterxml/classmate/1.6.0/classmate-1.6.0.jar:/Users/mainga/.m2/repository/net/bytebuddy/byte-buddy/1.14.13/byte-buddy-1.14.13.jar:/Users/mainga/.m2/repository/org/glassfish/jaxb/jaxb-runtime/4.0.5/jaxb-runtime-4.0.5.jar:/Users/mainga/.m2/repository/org/glassfish/jaxb/jaxb-core/4.0.5/jaxb-core-4.0.5.jar:/Users/mainga/.m2/repository/org/eclipse/angus/angus-activation/2.0.2/angus-activation-2.0.2.jar:/Users/mainga/.m2/repository/org/glassfish/jaxb/txw2/4.0.5/txw2-4.0.5.jar:/Users/mainga/.m2/repository/com/sun/istack/istack-commons-runtime/4.1.2/istack-commons-runtime-4.1.2.jar:/Users/mainga/.m2/repository/jakarta/inject/jakarta.inject-api/2.0.1/jakarta.inject-api-2.0.1.jar:/Users/mainga/.m2/repository/org/antlr/antlr4-runtime/4.13.0/antlr4-runtime-4.13.0.jar:/Users/mainga/.m2/repository/org/springframework/data/spring-data-jpa/3.2.5/spring-data-jpa-3.2.5.jar:/Users/mainga/.m2/repository/org/springframework/data/spring-data-commons/3.2.5/spring-data-commons-3.2.5.jar:/Users/mainga/.m2/repository/org/springframework/spring-orm/6.1.6/spring-orm-6.1.6.jar:/Users/mainga/.m2/repository/org/springframework/spring-tx/6.1.6/spring-tx-6.1.6.jar:/Users/mainga/.m2/repository/org/springframework/spring-aspects/6.1.6/spring-aspects-6.1.6.jar:/Users/mainga/.m2/repository/org/projectlombok/lombok/1.18.24/lombok-1.18.24.jar:/Users/mainga/.m2/repository/org/springframework/boot/spring-boot-starter-aop/3.2.0/spring-boot-starter-aop-3.2.0.jar:/Users/mainga/.m2/repository/org/springframework/spring-aop/6.1.6/spring-aop-6.1.6.jar:/Users/mainga/.m2/repository/org/aspectj/aspectjweaver/1.9.22/aspectjweaver-1.9.22.jar:/Users/mainga/.m2/repository/jakarta/servlet/jsp/jstl/jakarta.servlet.jsp.jstl-api/3.0.0/jakarta.servlet.jsp.jstl-api-3.0.0.jar:/Users/mainga/.m2/repository/jakarta/servlet/jakarta.servlet-api/6.0.0/jakarta.servlet-api-6.0.0.jar:/Users/mainga/.m2/repository/jakarta/el/jakarta.el-api/5.0.0/jakarta.el-api-5.0.0.jar:/Users/mainga/.m2/repository/org/springframework/boot/spring-boot-starter-jdbc/3.2.5/spring-boot-starter-jdbc-3.2.5.jar:/Users/mainga/.m2/repository/com/zaxxer/HikariCP/5.0.1/HikariCP-5.0.1.jar:/Users/mainga/.m2/repository/org/springframework/spring-jdbc/6.1.6/spring-jdbc-6.1.6.jar:/Users/mainga/.m2/repository/org/springframework/boot/spring-boot-starter-validation/3.2.1/spring-boot-starter-validation-3.2.1.jar:/Users/mainga/.m2/repository/org/hibernate/validator/hibernate-validator/8.0.1.Final/hibernate-validator-8.0.1.Final.jar:/Users/mainga/.m2/repository/jakarta/validation/jakarta.validation-api/3.0.2/jakarta.validation-api-3.0.2.jar:/Users/mainga/.m2/repository/org/springframework/boot/spring-boot-devtools/3.2.5/spring-boot-devtools-3.2.5.jar:/Users/mainga/.m2/repository/org/springframework/boot/spring-boot/3.2.5/spring-boot-3.2.5.jar:/Users/mainga/.m2/repository/org/springframework/boot/spring-boot-autoconfigure/3.2.5/spring-boot-autoconfigure-3.2.5.jar:/Users/mainga/.m2/repository/org/springframework/boot/spring-boot-starter-security/3.2.4/spring-boot-starter-security-3.2.4.jar:/Users/mainga/.m2/repository/org/springframework/security/spring-security-config/6.2.4/spring-security-config-6.2.4.jar:/Users/mainga/.m2/repository/org/springframework/security/spring-security-web/6.2.4/spring-security-web-6.2.4.jar:/Users/mainga/.m2/repository/org/springframework/security/spring-security-taglibs/6.2.4/spring-security-taglibs-6.2.4.jar:/Users/mainga/.m2/repository/org/springframework/security/spring-security-acl/6.2.4/spring-security-acl-6.2.4.jar:/Users/mainga/.m2/repository/org/springframework/security/spring-security-core/6.2.4/spring-security-core-6.2.4.jar:/Users/mainga/.m2/repository/org/springframework/security/spring-security-crypto/6.2.4/spring-security-crypto-6.2.4.jar:/Users/mainga/.m2/repository/org/springframework/spring-beans/6.1.6/spring-beans-6.1.6.jar:/Users/mainga/.m2/repository/org/springframework/spring-context/6.1.6/spring-context-6.1.6.jar:/Users/mainga/.m2/repository/org/springframework/spring-core/6.1.6/spring-core-6.1.6.jar:/Users/mainga/.m2/repository/org/springframework/spring-jcl/6.1.6/spring-jcl-6.1.6.jar:/Users/mainga/.m2/repository/org/springframework/spring-expression/6.1.6/spring-expression-6.1.6.jar:/Users/mainga/.m2/repository/com/mysql/mysql-connector-j/8.3.0/mysql-connector-j-8.3.0.jar:/Users/mainga/.m2/repository/org/springframework/boot/spring-boot-starter-test/3.2.5/spring-boot-starter-test-3.2.5.jar:/Users/mainga/.m2/repository/org/springframework/boot/spring-boot-test/3.2.5/spring-boot-test-3.2.5.jar:/Users/mainga/.m2/repository/org/springframework/boot/spring-boot-test-autoconfigure/3.2.5/spring-boot-test-autoconfigure-3.2.5.jar:/Users/mainga/.m2/repository/com/jayway/jsonpath/json-path/2.9.0/json-path-2.9.0.jar:/Users/mainga/.m2/repository/jakarta/xml/bind/jakarta.xml.bind-api/4.0.2/jakarta.xml.bind-api-4.0.2.jar:/Users/mainga/.m2/repository/jakarta/activation/jakarta.activation-api/2.1.3/jakarta.activation-api-2.1.3.jar:/Users/mainga/.m2/repository/net/minidev/json-smart/2.5.1/json-smart-2.5.1.jar:/Users/mainga/.m2/repository/net/minidev/accessors-smart/2.5.1/accessors-smart-2.5.1.jar:/Users/mainga/.m2/repository/org/ow2/asm/asm/9.6/asm-9.6.jar:/Users/mainga/.m2/repository/org/assertj/assertj-core/3.24.2/assertj-core-3.24.2.jar:/Users/mainga/.m2/repository/org/awaitility/awaitility/4.2.1/awaitility-4.2.1.jar:/Users/mainga/.m2/repository/org/hamcrest/hamcrest/2.2/hamcrest-2.2.jar:/Users/mainga/.m2/repository/org/junit/jupiter/junit-jupiter/5.10.2/junit-jupiter-5.10.2.jar:/Users/mainga/.m2/repository/org/junit/jupiter/junit-jupiter-api/5.10.2/junit-jupiter-api-5.10.2.jar:/Users/mainga/.m2/repository/org/opentest4j/opentest4j/1.3.0/opentest4j-1.3.0.jar:/Users/mainga/.m2/repository/org/junit/platform/junit-platform-commons/1.10.2/junit-platform-commons-1.10.2.jar:/Users/mainga/.m2/repository/org/apiguardian/apiguardian-api/1.1.2/apiguardian-api-1.1.2.jar:/Users/mainga/.m2/repository/org/junit/jupiter/junit-jupiter-params/5.10.2/junit-jupiter-params-5.10.2.jar:/Users/mainga/.m2/repository/org/junit/jupiter/junit-jupiter-engine/5.10.2/junit-jupiter-engine-5.10.2.jar:/Users/mainga/.m2/repository/org/junit/platform/junit-platform-engine/1.10.2/junit-platform-engine-1.10.2.jar:/Users/mainga/.m2/repository/org/mockito/mockito-core/5.7.0/mockito-core-5.7.0.jar:/Users/mainga/.m2/repository/net/bytebuddy/byte-buddy-agent/1.14.13/byte-buddy-agent-1.14.13.jar:/Users/mainga/.m2/repository/org/objenesis/objenesis/3.3/objenesis-3.3.jar:/Users/mainga/.m2/repository/org/mockito/mockito-junit-jupiter/5.7.0/mockito-junit-jupiter-5.7.0.jar:/Users/mainga/.m2/repository/org/skyscreamer/jsonassert/1.5.1/jsonassert-1.5.1.jar:/Users/mainga/.m2/repository/com/vaadin/external/google/android-json/0.0.20131108.vaadin1/android-json-0.0.20131108.vaadin1.jar:/Users/mainga/.m2/repository/org/springframework/spring-test/6.1.6/spring-test-6.1.6.jar:/Users/mainga/.m2/repository/org/xmlunit/xmlunit-core/2.9.1/xmlunit-core-2.9.1.jar:/Users/mainga/.m2/repository/com/cloudinary/cloudinary-http44/1.36.0/cloudinary-http44-1.36.0.jar:/Users/mainga/.m2/repository/com/cloudinary/cloudinary-core/1.36.0/cloudinary-core-1.36.0.jar:/Users/mainga/.m2/repository/org/apache/commons/commons-lang3/3.13.0/commons-lang3-3.13.0.jar:/Users/mainga/.m2/repository/org/apache/httpcomponents/httpclient/4.4/httpclient-4.4.jar:/Users/mainga/.m2/repository/org/apache/httpcomponents/httpcore/4.4.16/httpcore-4.4.16.jar:/Users/mainga/.m2/repository/commons-logging/commons-logging/1.2/commons-logging-1.2.jar:/Users/mainga/.m2/repository/commons-codec/commons-codec/1.16.1/commons-codec-1.16.1.jar:/Users/mainga/.m2/repository/org/apache/httpcomponents/httpmime/4.4/httpmime-4.4.jar:/Users/mainga/.m2/repository/com/cloudinary/cloudinary-taglib/1.36.0/cloudinary-taglib-1.36.0.jar:/Users/mainga/.m2/repository/javax/servlet/jsp-api/2.0/jsp-api-2.0.jar:/Users/mainga/.m2/repository/javax/servlet/servlet-api/2.4/servlet-api-2.4.jar:/Users/mainga/.m2/repository/com/azure/spring/spring-cloud-azure-starter-keyvault/5.14.0/spring-cloud-azure-starter-keyvault-5.14.0.jar:/Users/mainga/.m2/repository/com/azure/spring/spring-cloud-azure-starter-keyvault-secrets/5.14.0/spring-cloud-azure-starter-keyvault-secrets-5.14.0.jar:/Users/mainga/.m2/repository/com/azure/spring/spring-cloud-azure-starter/5.14.0/spring-cloud-azure-starter-5.14.0.jar:/Users/mainga/.m2/repository/com/azure/spring/spring-cloud-azure-autoconfigure/5.14.0/spring-cloud-azure-autoconfigure-5.14.0.jar:/Users/mainga/.m2/repository/com/azure/spring/spring-cloud-azure-service/5.14.0/spring-cloud-azure-service-5.14.0.jar:/Users/mainga/.m2/repository/com/azure/spring/spring-cloud-azure-core/5.14.0/spring-cloud-azure-core-5.14.0.jar:/Users/mainga/.m2/repository/com/azure/azure-identity/1.13.0/azure-identity-1.13.0.jar:/Users/mainga/.m2/repository/com/microsoft/azure/msal4j/1.15.1/msal4j-1.15.1.jar:/Users/mainga/.m2/repository/com/microsoft/azure/msal4j-persistence-extension/1.3.0/msal4j-persistence-extension-1.3.0.jar:/Users/mainga/.m2/repository/net/java/dev/jna/jna/5.13.0/jna-5.13.0.jar:/Users/mainga/.m2/repository/net/java/dev/jna/jna-platform/5.6.0/jna-platform-5.6.0.jar:/Users/mainga/.m2/repository/com/azure/azure-core-amqp/2.9.6/azure-core-amqp-2.9.6.jar:/Users/mainga/.m2/repository/com/microsoft/azure/qpid-proton-j-extensions/1.2.5/qpid-proton-j-extensions-1.2.5.jar:/Users/mainga/.m2/repository/org/apache/qpid/proton-j/0.34.1/proton-j-0.34.1.jar:/Users/mainga/.m2/repository/com/azure/azure-core-management/1.15.0/azure-core-management-1.15.0.jar:/Users/mainga/.m2/repository/com/azure/azure-security-keyvault-secrets/4.8.4/azure-security-keyvault-secrets-4.8.4.jar:/Users/mainga/.m2/repository/com/azure/azure-core/1.49.1/azure-core-1.49.1.jar:/Users/mainga/.m2/repository/com/azure/azure-xml/1.0.0/azure-xml-1.0.0.jar:/Users/mainga/.m2/repository/io/projectreactor/reactor-core/3.6.5/reactor-core-3.6.5.jar:/Users/mainga/.m2/repository/org/reactivestreams/reactive-streams/1.0.4/reactive-streams-1.0.4.jar:/Users/mainga/.m2/repository/com/azure/azure-json/1.1.0/azure-json-1.1.0.jar:/Users/mainga/.m2/repository/com/azure/azure-core-http-netty/1.15.1/azure-core-http-netty-1.15.1.jar:/Users/mainga/.m2/repository/io/netty/netty-handler/4.1.109.Final/netty-handler-4.1.109.Final.jar:/Users/mainga/.m2/repository/io/netty/netty-resolver/4.1.109.Final/netty-resolver-4.1.109.Final.jar:/Users/mainga/.m2/repository/io/netty/netty-transport/4.1.109.Final/netty-transport-4.1.109.Final.jar:/Users/mainga/.m2/repository/io/netty/netty-handler-proxy/4.1.109.Final/netty-handler-proxy-4.1.109.Final.jar:/Users/mainga/.m2/repository/io/netty/netty-codec-socks/4.1.109.Final/netty-codec-socks-4.1.109.Final.jar:/Users/mainga/.m2/repository/io/netty/netty-buffer/4.1.109.Final/netty-buffer-4.1.109.Final.jar:/Users/mainga/.m2/repository/io/netty/netty-codec/4.1.109.Final/netty-codec-4.1.109.Final.jar:/Users/mainga/.m2/repository/io/netty/netty-codec-http/4.1.109.Final/netty-codec-http-4.1.109.Final.jar:/Users/mainga/.m2/repository/io/netty/netty-codec-http2/4.1.109.Final/netty-codec-http2-4.1.109.Final.jar:/Users/mainga/.m2/repository/io/netty/netty-transport-native-unix-common/4.1.109.Final/netty-transport-native-unix-common-4.1.109.Final.jar:/Users/mainga/.m2/repository/io/netty/netty-transport-native-epoll/4.1.109.Final/netty-transport-native-epoll-4.1.109.Final-linux-x86_64.jar:/Users/mainga/.m2/repository/io/netty/netty-transport-classes-epoll/4.1.109.Final/netty-transport-classes-epoll-4.1.109.Final.jar:/Users/mainga/.m2/repository/io/netty/netty-transport-native-kqueue/4.1.109.Final/netty-transport-native-kqueue-4.1.109.Final-osx-x86_64.jar:/Users/mainga/.m2/repository/io/netty/netty-transport-classes-kqueue/4.1.109.Final/netty-transport-classes-kqueue-4.1.109.Final.jar:/Users/mainga/.m2/repository/io/netty/netty-tcnative-boringssl-static/2.0.65.Final/netty-tcnative-boringssl-static-2.0.65.Final.jar:/Users/mainga/.m2/repository/io/netty/netty-tcnative-classes/2.0.65.Final/netty-tcnative-classes-2.0.65.Final.jar:/Users/mainga/.m2/repository/io/netty/netty-tcnative-boringssl-static/2.0.65.Final/netty-tcnative-boringssl-static-2.0.65.Final-linux-x86_64.jar:/Users/mainga/.m2/repository/io/netty/netty-tcnative-boringssl-static/2.0.65.Final/netty-tcnative-boringssl-static-2.0.65.Final-linux-aarch_64.jar:/Users/mainga/.m2/repository/io/netty/netty-tcnative-boringssl-static/2.0.65.Final/netty-tcnative-boringssl-static-2.0.65.Final-osx-x86_64.jar:/Users/mainga/.m2/repository/io/netty/netty-tcnative-boringssl-static/2.0.65.Final/netty-tcnative-boringssl-static-2.0.65.Final-osx-aarch_64.jar:/Users/mainga/.m2/repository/io/netty/netty-tcnative-boringssl-static/2.0.65.Final/netty-tcnative-boringssl-static-2.0.65.Final-windows-x86_64.jar:/Users/mainga/.m2/repository/io/projectreactor/netty/reactor-netty-http/1.1.18/reactor-netty-http-1.1.18.jar:/Users/mainga/.m2/repository/io/netty/netty-resolver-dns/4.1.109.Final/netty-resolver-dns-4.1.109.Final.jar:/Users/mainga/.m2/repository/io/netty/netty-codec-dns/4.1.109.Final/netty-codec-dns-4.1.109.Final.jar:/Users/mainga/.m2/repository/io/netty/netty-resolver-dns-native-macos/4.1.109.Final/netty-resolver-dns-native-macos-4.1.109.Final-osx-x86_64.jar:/Users/mainga/.m2/repository/io/netty/netty-resolver-dns-classes-macos/4.1.109.Final/netty-resolver-dns-classes-macos-4.1.109.Final.jar:/Users/mainga/.m2/repository/io/projectreactor/netty/reactor-netty-core/1.1.18/reactor-netty-core-1.1.18.jar:/Users/mainga/.m2/repository/io/netty/netty-common/4.1.109.Final/netty-common-4.1.109.Final.jar:/Users/mainga/.m2/repository/com/azure/spring/spring-cloud-azure-starter-keyvault-certificates/5.14.0/spring-cloud-azure-starter-keyvault-certificates-5.14.0.jar:/Users/mainga/.m2/repository/com/azure/azure-security-keyvault-certificates/4.6.4/azure-security-keyvault-certificates-4.6.4.jar:/Users/mainga/.m2/repository/org/springframework/boot/spring-boot-starter-oauth2-client/3.2.5/spring-boot-starter-oauth2-client-3.2.5.jar:/Users/mainga/.m2/repository/org/springframework/security/spring-security-oauth2-client/6.2.4/spring-security-oauth2-client-6.2.4.jar:/Users/mainga/.m2/repository/org/springframework/security/spring-security-oauth2-core/6.2.4/spring-security-oauth2-core-6.2.4.jar:/Users/mainga/.m2/repository/com/nimbusds/oauth2-oidc-sdk/9.43.3/oauth2-oidc-sdk-9.43.3.jar:/Users/mainga/.m2/repository/com/github/stephenc/jcip/jcip-annotations/1.0-1/jcip-annotations-1.0-1.jar:/Users/mainga/.m2/repository/com/nimbusds/content-type/2.2/content-type-2.2.jar:/Users/mainga/.m2/repository/com/nimbusds/lang-tag/1.7/lang-tag-1.7.jar:/Users/mainga/.m2/repository/org/springframework/security/spring-security-oauth2-jose/6.2.4/spring-security-oauth2-jose-6.2.4.jar:/Users/mainga/.m2/repository/com/nimbusds/nimbus-jose-jwt/9.24.4/nimbus-jose-jwt-9.24.4.jar:/Users/mainga/.m2/repository/org/mapstruct/mapstruct/1.5.5.Final/mapstruct-1.5.5.Final.jar:/Users/mainga/.m2/repository/org/mapstruct/mapstruct-processor/1.5.5.Final/mapstruct-processor-1.5.5.Final.jar:/Users/mainga/.m2/repository/org/springframework/boot/spring-boot-starter-websocket/3.2.5/spring-boot-starter-websocket-3.2.5.jar:/Users/mainga/.m2/repository/org/springframework/spring-messaging/6.1.6/spring-messaging-6.1.6.jar:/Users/mainga/.m2/repository/org/springframework/spring-websocket/6.1.6/spring-websocket-6.1.6.jar:/Users/mainga/.m2/repository/com/fasterxml/jackson/core/jackson-databind/2.16.1/jackson-databind-2.16.1.jar:/Users/mainga/.m2/repository/com/fasterxml/jackson/core/jackson-annotations/2.15.4/jackson-annotations-2.15.4.jar:/Users/mainga/.m2/repository/com/fasterxml/jackson/core/jackson-core/2.16.1/jackson-core-2.16.1.jar:"/>
    <property name="sun.cpu.endian" value="little"/>
    <property name="user.home" value="/Users/mainga"/>
    <property name="user.language" value="vi"/>
    <property name="java.specification.vendor" value="Oracle Corporation"/>
    <property name="java.version.date" value="2024-01-16"/>
    <property name="java.home" value="/Library/Java/JavaVirtualMachines/jdk-17.jdk/Contents/Home"/>
    <property name="file.separator" value="/"/>
    <property name="basedir" value="/Users/mainga/Desktop/Workspace/Udemy/Spring Framework/SchoolManagement"/>
    <property name="java.vm.compressedOopsMode" value="Zero based"/>
    <property name="line.separator" value="&#10;"/>
    <property name="java.vm.specification.vendor" value="Oracle Corporation"/>
    <property name="java.specification.name" value="Java Platform API Specification"/>
    <property name="FILE_LOG_CHARSET" value="UTF-8"/>
    <property name="java.awt.headless" value="true"/>
    <property name="surefire.real.class.path" value="/Users/mainga/Desktop/Workspace/Udemy/Spring Framework/SchoolManagement/target/surefire/surefirebooter-20241211120510189_3.jar"/>
    <property name="sun.management.compiler" value="HotSpot 64-Bit Tiered Compilers"/>
    <property name="ftp.nonProxyHosts" value="local|*.local|169.254/16|*.169.254/16"/>
    <property name="java.runtime.version" value="17.0.10+11-LTS-240"/>
    <property name="user.name" value="mainga"/>
    <property name="path.separator" value=":"/>
    <property name="os.version" value="13.1"/>
    <property name="java.runtime.name" value="Java(TM) SE Runtime Environment"/>
    <property name="file.encoding" value="UTF-8"/>
    <property name="java.vm.name" value="Java HotSpot(TM) 64-Bit Server VM"/>
    <property name="localRepository" value="/Users/mainga/.m2/repository"/>
    <property name="java.vendor.url.bug" value="https://bugreport.java.com/bugreport/"/>
    <property name="java.io.tmpdir" value="/var/folders/2k/ptt0hqhd0k74r6s67_b8b2j00000gn/T/"/>
    <property name="idea.version" value="2024.2.3"/>
    <property name="com.zaxxer.hikari.pool_number" value="1"/>
    <property name="java.version" value="17.0.10"/>
    <property name="user.dir" value="/Users/mainga/Desktop/Workspace/Udemy/Spring Framework/SchoolManagement"/>
    <property name="os.arch" value="aarch64"/>
    <property name="java.vm.specification.name" value="Java Virtual Machine Specification"/>
    <property name="PID" value="96059"/>
    <property name="CONSOLE_LOG_CHARSET" value="UTF-8"/>
    <property name="native.encoding" value="UTF-8"/>
    <property name="java.library.path" value="/Users/mainga/Library/Java/Extensions:/Library/Java/Extensions:/Network/Library/Java/Extensions:/System/Library/Java/Extensions:/usr/lib/java:."/>
    <property name="java.vm.info" value="mixed mode, sharing"/>
    <property name="java.vendor" value="Oracle Corporation"/>
    <property name="java.vm.version" value="17.0.10+11-LTS-240"/>
    <property name="sun.io.unicode.encoding" value="UnicodeBig"/>
    <property name="socksNonProxyHosts" value="local|*.local|169.254/16|*.169.254/16"/>
    <property name="java.class.version" value="61.0"/>
    <property name="LOGGED_APPLICATION_NAME" value="[SchoolManagement] "/>
  </properties>
  <testcase name="contextLoads" classname="com.foolish.schoolmanagement.SchoolManagementApplicationTests" time="0.324">
    <system-out><![CDATA[12:05:10.659 [main] INFO org.springframework.test.context.support.AnnotationConfigContextLoaderUtils -- Could not detect default configuration classes for test class [com.foolish.schoolmanagement.SchoolManagementApplicationTests]: SchoolManagementApplicationTests does not declare any static, non-private, non-final, nested classes annotated with @Configuration.
12:05:10.710 [main] INFO org.springframework.boot.test.context.SpringBootTestContextBootstrapper -- Found @SpringBootConfiguration com.foolish.schoolmanagement.SchoolManagementApplication for test class com.foolish.schoolmanagement.SchoolManagementApplicationTests
12:05:10.788 [main] INFO org.springframework.boot.devtools.restart.RestartApplicationListener -- Restart disabled due to context in which it is running

  .   ____          _            __ _ _
 /\\ / ___'_ __ _ _(_)_ __  __ _ \ \ \ \
( ( )\___ | '_ | '_| | '_ \/ _` | \ \ \ \
 \\/  ___)| |_)| | | | | || (_| |  ) ) ) )
  '  |____| .__|_| |_|_| |_\__, | / / / /
 =========|_|==============|___/=/_/_/_/
 :: Spring Boot ::                (v3.2.5)

2024-12-11T12:05:10.941+07:00  INFO 96059 --- [SchoolManagement] [           main] c.f.s.SchoolManagementApplicationTests   : Starting SchoolManagementApplicationTests using Java 17.0.10 with PID 96059 (started by mainga in /Users/mainga/Desktop/Workspace/Udemy/Spring Framework/SchoolManagement)
2024-12-11T12:05:10.942+07:00  INFO 96059 --- [SchoolManagement] [           main] c.f.s.SchoolManagementApplicationTests   : The following 1 profile is active: "dev"
2024-12-11T12:05:11.286+07:00  INFO 96059 --- [SchoolManagement] [           main] .s.d.r.c.RepositoryConfigurationDelegate : Bootstrapping Spring Data JPA repositories in DEFAULT mode.
2024-12-11T12:05:11.375+07:00  INFO 96059 --- [SchoolManagement] [           main] .s.d.r.c.RepositoryConfigurationDelegate : Finished Spring Data repository scanning in 83 ms. Found 12 JPA repository interfaces.
2024-12-11T12:05:11.808+07:00  INFO 96059 --- [SchoolManagement] [           main] com.zaxxer.hikari.HikariDataSource       : HikariPool-1 - Starting...
2024-12-11T12:05:12.045+07:00  INFO 96059 --- [SchoolManagement] [           main] com.zaxxer.hikari.pool.HikariPool        : HikariPool-1 - Added connection com.mysql.cj.jdbc.ConnectionImpl@1a89414e
2024-12-11T12:05:12.046+07:00  INFO 96059 --- [SchoolManagement] [           main] com.zaxxer.hikari.HikariDataSource       : HikariPool-1 - Start completed.
2024-12-11T12:05:12.102+07:00  INFO 96059 --- [SchoolManagement] [           main] o.hibernate.jpa.internal.util.LogHelper  : HHH000204: Processing PersistenceUnitInfo [name: default]
2024-12-11T12:05:12.124+07:00  INFO 96059 --- [SchoolManagement] [           main] org.hibernate.Version                    : HHH000412: Hibernate ORM core version 6.4.4.Final
2024-12-11T12:05:12.144+07:00  INFO 96059 --- [SchoolManagement] [           main] o.h.c.internal.RegionFactoryInitiator    : HHH000026: Second-level cache disabled
2024-12-11T12:05:12.238+07:00  INFO 96059 --- [SchoolManagement] [           main] o.s.o.j.p.SpringPersistenceUnitInfo      : No LoadTimeWeaver setup: ignoring JPA class transformer
2024-12-11T12:05:12.294+07:00  WARN 96059 --- [SchoolManagement] [           main] org.hibernate.orm.deprecation            : HHH90000025: MySQLDialect does not need to be specified explicitly using 'hibernate.dialect' (remove the property setting and it will be selected by default)
2024-12-11T12:05:12.810+07:00  INFO 96059 --- [SchoolManagement] [           main] o.h.e.t.j.p.i.JtaPlatformInitiator       : HHH000489: No JTA platform available (set 'hibernate.transaction.jta.platform' to enable JTA platform integration)
2024-12-11T12:05:12.811+07:00  INFO 96059 --- [SchoolManagement] [           main] j.LocalContainerEntityManagerFactoryBean : Initialized JPA EntityManagerFactory for persistence unit 'default'
2024-12-11T12:05:13.133+07:00  INFO 96059 --- [SchoolManagement] [           main] c.f.s.aspects.LoggerAspect               : PasswordEncoder com.foolish.schoolmanagement.config.ProjectSecurityConfig.passwordEncoder() method execution start
2024-12-11T12:05:13.135+07:00  INFO 96059 --- [SchoolManagement] [           main] c.f.s.aspects.LoggerAspect               : Time took to execute PasswordEncoder com.foolish.schoolmanagement.config.ProjectSecurityConfig.passwordEncoder() method is : 0 ms
2024-12-11T12:05:13.135+07:00  INFO 96059 --- [SchoolManagement] [           main] c.f.s.aspects.LoggerAspect               : PasswordEncoder com.foolish.schoolmanagement.config.ProjectSecurityConfig.passwordEncoder() method execution end
2024-12-11T12:05:13.210+07:00  INFO 96059 --- [SchoolManagement] [           main] c.f.s.aspects.LoggerAspect               : Cloudinary com.foolish.schoolmanagement.config.ProjectConfiguration.cloudinaryConfig() method execution start
2024-12-11T12:05:13.216+07:00  INFO 96059 --- [SchoolManagement] [           main] c.f.s.aspects.LoggerAspect               : Time took to execute Cloudinary com.foolish.schoolmanagement.config.ProjectConfiguration.cloudinaryConfig() method is : 6 ms
2024-12-11T12:05:13.217+07:00  INFO 96059 --- [SchoolManagement] [           main] c.f.s.aspects.LoggerAspect               : Cloudinary com.foolish.schoolmanagement.config.ProjectConfiguration.cloudinaryConfig() method execution end
2024-12-11T12:05:13.356+07:00  INFO 96059 --- [SchoolManagement] [           main] c.f.s.aspects.LoggerAspect               : RestTemplate com.foolish.schoolmanagement.config.ProjectConfiguration.restTemplate() method execution start
2024-12-11T12:05:13.366+07:00  INFO 96059 --- [SchoolManagement] [           main] c.f.s.aspects.LoggerAspect               : Time took to execute RestTemplate com.foolish.schoolmanagement.config.ProjectConfiguration.restTemplate() method is : 9 ms
2024-12-11T12:05:13.366+07:00  INFO 96059 --- [SchoolManagement] [           main] c.f.s.aspects.LoggerAspect               : RestTemplate com.foolish.schoolmanagement.config.ProjectConfiguration.restTemplate() method execution end
2024-12-11T12:05:13.465+07:00  WARN 96059 --- [SchoolManagement] [           main] JpaBaseConfiguration$JpaWebConfiguration : spring.jpa.open-in-view is enabled by default. Therefore, database queries may be performed during view rendering. Explicitly configure spring.jpa.open-in-view to disable this warning
2024-12-11T12:05:13.549+07:00  INFO 96059 --- [SchoolManagement] [           main] c.f.s.aspects.LoggerAspect               : SecurityFilterChain com.foolish.schoolmanagement.config.ProjectSecurityConfig.defaultSecurityFilterChain(HttpSecurity) method execution start
2024-12-11T12:05:13.644+07:00  INFO 96059 --- [SchoolManagement] [           main] c.f.s.aspects.LoggerAspect               : void com.foolish.schoolmanagement.config.WebSocketConfig.registerStompEndpoints(StompEndpointRegistry) method execution start
2024-12-11T12:05:13.644+07:00  INFO 96059 --- [SchoolManagement] [           main] c.f.s.aspects.LoggerAspect               : Time took to execute void com.foolish.schoolmanagement.config.WebSocketConfig.registerStompEndpoints(StompEndpointRegistry) method is : 0 ms
2024-12-11T12:05:13.644+07:00  INFO 96059 --- [SchoolManagement] [           main] c.f.s.aspects.LoggerAspect               : void com.foolish.schoolmanagement.config.WebSocketConfig.registerStompEndpoints(StompEndpointRegistry) method execution end
2024-12-11T12:05:13.735+07:00  INFO 96059 --- [SchoolManagement] [           main] c.f.s.aspects.LoggerAspect               : void com.foolish.schoolmanagement.config.WebConfig.addViewControllers(ViewControllerRegistry) method execution start
2024-12-11T12:05:13.735+07:00  INFO 96059 --- [SchoolManagement] [           main] c.f.s.aspects.LoggerAspect               : Time took to execute void com.foolish.schoolmanagement.config.WebConfig.addViewControllers(ViewControllerRegistry) method is : 0 ms
2024-12-11T12:05:13.735+07:00  INFO 96059 --- [SchoolManagement] [           main] c.f.s.aspects.LoggerAspect               : void com.foolish.schoolmanagement.config.WebConfig.addViewControllers(ViewControllerRegistry) method execution end
2024-12-11T12:05:13.849+07:00  INFO 96059 --- [SchoolManagement] [           main] o.s.s.web.DefaultSecurityFilterChain     : Will secure any request with [org.springframework.security.web.session.DisableEncodeUrlFilter@51f714d1, org.springframework.security.web.context.request.async.WebAsyncManagerIntegrationFilter@77e8492f, org.springframework.security.web.context.SecurityContextHolderFilter@6e057374, org.springframework.security.web.header.HeaderWriterFilter@61b3de5b, org.springframework.web.filter.CorsFilter@1263d20d, org.springframework.security.web.csrf.CsrfFilter@2ce80c85, org.springframework.security.web.authentication.logout.LogoutFilter@34b69a14, org.springframework.security.oauth2.client.web.OAuth2AuthorizationRequestRedirectFilter@54422189, org.springframework.security.oauth2.client.web.OAuth2LoginAuthenticationFilter@2b35dde3, org.springframework.security.web.RequestMatcherRedirectFilter@38682845, org.springframework.security.web.authentication.UsernamePasswordAuthenticationFilter@72933ccb, org.springframework.security.web.authentication.ui.DefaultLoginPageGeneratingFilter@6be8e6ee, org.springframework.security.web.authentication.ui.DefaultLogoutPageGeneratingFilter@4f355321, org.springframework.security.web.authentication.www.BasicAuthenticationFilter@3fcc58f8, org.springframework.security.web.savedrequest.RequestCacheAwareFilter@70b7fec0, org.springframework.security.web.servletapi.SecurityContextHolderAwareRequestFilter@361eed12, org.springframework.security.web.authentication.AnonymousAuthenticationFilter@260d878a, org.springframework.security.web.access.ExceptionTranslationFilter@66d0d5ee, org.springframework.security.web.access.intercept.AuthorizationFilter@414b785c]
2024-12-11T12:05:13.849+07:00  INFO 96059 --- [SchoolManagement] [           main] c.f.s.aspects.LoggerAspect               : Time took to execute SecurityFilterChain com.foolish.schoolmanagement.config.ProjectSecurityConfig.defaultSecurityFilterChain(HttpSecurity) method is : 299 ms
2024-12-11T12:05:13.849+07:00  INFO 96059 --- [SchoolManagement] [           main] c.f.s.aspects.LoggerAspect               : SecurityFilterChain com.foolish.schoolmanagement.config.ProjectSecurityConfig.defaultSecurityFilterChain(HttpSecurity) method execution end
2024-12-11T12:05:13.851+07:00  INFO 96059 --- [SchoolManagement] [           main] c.f.s.aspects.LoggerAspect               : void com.foolish.schoolmanagement.config.WebSocketConfig.configureMessageBroker(MessageBrokerRegistry) method execution start
2024-12-11T12:05:13.852+07:00  INFO 96059 --- [SchoolManagement] [           main] c.f.s.aspects.LoggerAspect               : Time took to execute void com.foolish.schoolmanagement.config.WebSocketConfig.configureMessageBroker(MessageBrokerRegistry) method is : 0 ms
2024-12-11T12:05:13.852+07:00  INFO 96059 --- [SchoolManagement] [           main] c.f.s.aspects.LoggerAspect               : void com.foolish.schoolmanagement.config.WebSocketConfig.configureMessageBroker(MessageBrokerRegistry) method execution end
2024-12-11T12:05:14.202+07:00  INFO 96059 --- [SchoolManagement] [           main] AbstractAzureServiceClientBuilderFactory : Will configure the default credential of type DefaultAzureCredential for class com.azure.identity.DefaultAzureCredentialBuilder.
2024-12-11T12:05:14.229+07:00  INFO 96059 --- [SchoolManagement] [           main] c.a.c.h.n.implementation.NettyUtility    : The following is Netty version information that was found on the classpath: 'io.netty:netty-common' version: 4.1.109.Final, 'io.netty:netty-handler' version: 4.1.109.Final, 'io.netty:netty-handler-proxy' version: 4.1.109.Final, 'io.netty:netty-buffer' version: 4.1.109.Final, 'io.netty:netty-codec' version: 4.1.109.Final, 'io.netty:netty-codec-http' version: 4.1.109.Final, 'io.netty:netty-codec-http2' version: 4.1.109.Final, 'io.netty:netty-transport-native-unix-common' version: 4.1.109.Final, 'io.netty:netty-transport-native-epoll' version: 4.1.109.Final, 'io.netty:netty-transport-native-kqueue' version: 4.1.109.Final. The version of azure-core-http-netty being used was built with Netty version 4.1.108.Final and Netty Tcnative version 2.0.65.Final. If your application runs without issue this message can be ignored, otherwise please align the Netty versions used in your application. For more information, see https://aka.ms/azsdk/java/dependency/troubleshoot.
2024-12-11T12:05:14.417+07:00  INFO 96059 --- [SchoolManagement] [           main] o.s.m.s.b.SimpleBrokerMessageHandler     : Starting...
2024-12-11T12:05:14.418+07:00  INFO 96059 --- [SchoolManagement] [           main] o.s.m.s.b.SimpleBrokerMessageHandler     : BrokerAvailabilityEvent[available=true, SimpleBrokerMessageHandler [org.springframework.messaging.simp.broker.DefaultSubscriptionRegistry@1a89d045]]
2024-12-11T12:05:14.419+07:00  INFO 96059 --- [SchoolManagement] [           main] o.s.m.s.b.SimpleBrokerMessageHandler     : Started.
2024-12-11T12:05:14.427+07:00  INFO 96059 --- [SchoolManagement] [           main] c.f.s.SchoolManagementApplicationTests   : Started SchoolManagementApplicationTests in 3.643 seconds (process running for 4.167)
]]></system-out>
  </testcase>
</testsuite>